<?xml version="1.0" encoding="UTF-8"?>
<!-- Generated by org.testng.reporters.JUnitXMLReporter -->
<testsuite ignored="0" hostname="DESKTOP-VLKFA8F" failures="0" tests="3" name="Test" time="13.445" errors="0" timestamp="2023-12-20T14:46:56 IST">
  <testcase classname="completeTesting.project.SampleTest" name="testCase" time="2.324"/>
  <testcase classname="completeTesting.project.Sampletest1" name="testCase2" time="1.317"/>
  <testcase classname="completeTesting.project.SampleTest2" name="testCase2" time="2.814"/>
</testsuite> <!-- Test -->
